CREATE SCHEMA
COMMENT
CREATE TABLE
CREATE INDEX
psql:01_usr/01_usr_schema.pgsql:45: 오류:  "cmm" 스키마(schema) 없음
COMMENT
COMMENT
COMMENT
COMMENT
COMMENT
COMMENT
COMMENT
COMMENT
COMMENT
COMMENT
COMMENT
COMMENT
COMMENT
COMMENT
psql:01_usr/01_usr_schema.pgsql:106: 오류:  "cmm" 스키마(schema) 없음
psql:01_usr/01_usr_schema.pgsql:109: 오류:  "usr.users" 이름의 릴레이션(relation)이 없습니다
psql:01_usr/01_usr_schema.pgsql:111: 오류:  "usr.users" 이름의 릴레이션(relation)이 없습니다
psql:01_usr/01_usr_schema.pgsql:113: 오류:  "usr.users" 이름의 릴레이션(relation)이 없습니다
psql:01_usr/01_usr_schema.pgsql:115: 오류:  "usr.users" 이름의 릴레이션(relation)이 없습니다
psql:01_usr/01_usr_schema.pgsql:120: 오류:  "usr.users" 이름의 릴레이션(relation)이 없습니다
psql:01_usr/01_usr_schema.pgsql:123: 오류:  "usr.users" 이름의 릴레이션(relation)이 없습니다
psql:01_usr/01_usr_schema.pgsql:124: 오류:  "usr.users" 이름의 릴레이션(relation)이 없습니다
psql:01_usr/01_usr_schema.pgsql:125: 오류:  "usr.users" 이름의 릴레이션(relation)이 없습니다
psql:01_usr/01_usr_schema.pgsql:126: 오류:  "usr.users" 이름의 릴레이션(relation)이 없습니다
psql:01_usr/01_usr_schema.pgsql:127: 오류:  "usr.users" 이름의 릴레이션(relation)이 없습니다
psql:01_usr/01_usr_schema.pgsql:128: 오류:  "usr.users" 이름의 릴레이션(relation)이 없습니다
psql:01_usr/01_usr_schema.pgsql:129: 오류:  "usr.users" 이름의 릴레이션(relation)이 없습니다
psql:01_usr/01_usr_schema.pgsql:130: 오류:  "usr.users" 이름의 릴레이션(relation)이 없습니다
psql:01_usr/01_usr_schema.pgsql:131: 오류:  "usr.users" 이름의 릴레이션(relation)이 없습니다
psql:01_usr/01_usr_schema.pgsql:132: 오류:  "usr.users" 이름의 릴레이션(relation)이 없습니다
psql:01_usr/01_usr_schema.pgsql:133: 오류:  "usr.users" 이름의 릴레이션(relation)이 없습니다
psql:01_usr/01_usr_schema.pgsql:134: 오류:  "usr.users" 이름의 릴레이션(relation)이 없습니다
psql:01_usr/01_usr_schema.pgsql:135: 오류:  "usr.users" 이름의 릴레이션(relation)이 없습니다
psql:01_usr/01_usr_schema.pgsql:136: 오류:  "usr.users" 이름의 릴레이션(relation)이 없습니다
psql:01_usr/01_usr_schema.pgsql:137: 오류:  "usr.users" 이름의 릴레이션(relation)이 없습니다
psql:01_usr/01_usr_schema.pgsql:138: 오류:  "usr.users" 이름의 릴레이션(relation)이 없습니다
psql:01_usr/01_usr_schema.pgsql:139: 오류:  "usr.users" 이름의 릴레이션(relation)이 없습니다
psql:01_usr/01_usr_schema.pgsql:140: 오류:  "usr.users" 이름의 릴레이션(relation)이 없습니다
psql:01_usr/01_usr_schema.pgsql:141: 오류:  "usr.users" 이름의 릴레이션(relation)이 없습니다
INSERT 0 1
psql:01_usr/01_usr_schema.pgsql:169: 오류:  "usr.users" 이름의 릴레이션(relation)이 없습니다
LINE 1: INSERT INTO usr.users (
                    ^
 setval 
--------
      1
(1 row)

psql:01_usr/01_usr_schema.pgsql:174: 오류:  "usr.users_id_seq" 이름의 릴레이션(relation)이 없습니다
LINE 1: SELECT setval('usr.users_id_seq', 1, false);
                      ^
psql:01_usr/01_usr_schema.pgsql:185: 오류:  "usr.users" 이름의 릴레이션(relation)이 없습니다
psql:01_usr/01_usr_schema.pgsql:190: 오류:  "usr.users" 이름의 릴레이션(relation)이 없습니다
CREATE SCHEMA
COMMENT
psql:02_iam/02_iam_schema.pgsql:32: 오류:  "usr.users" 이름의 릴레이션(relation)이 없습니다
psql:02_iam/02_iam_schema.pgsql:37: 오류:  "iam.roles" 이름의 릴레이션(relation)이 없습니다
psql:02_iam/02_iam_schema.pgsql:40: 오류:  "iam.roles" 이름의 릴레이션(relation)이 없습니다
psql:02_iam/02_iam_schema.pgsql:43: 오류:  "iam.roles" 이름의 릴레이션(relation)이 없습니다
psql:02_iam/02_iam_schema.pgsql:44: 오류:  "iam.roles" 이름의 릴레이션(relation)이 없습니다
psql:02_iam/02_iam_schema.pgsql:45: 오류:  "iam.roles" 이름의 릴레이션(relation)이 없습니다
psql:02_iam/02_iam_schema.pgsql:46: 오류:  "iam.roles" 이름의 릴레이션(relation)이 없습니다
psql:02_iam/02_iam_schema.pgsql:47: 오류:  "iam.roles" 이름의 릴레이션(relation)이 없습니다
psql:02_iam/02_iam_schema.pgsql:48: 오류:  "iam.roles" 이름의 릴레이션(relation)이 없습니다
psql:02_iam/02_iam_schema.pgsql:49: 오류:  "iam.roles" 이름의 릴레이션(relation)이 없습니다
psql:02_iam/02_iam_schema.pgsql:50: 오류:  "iam.roles" 이름의 릴레이션(relation)이 없습니다
psql:02_iam/02_iam_schema.pgsql:51: 오류:  "iam.roles" 이름의 릴레이션(relation)이 없습니다
psql:02_iam/02_iam_schema.pgsql:52: 오류:  "iam.roles" 이름의 릴레이션(relation)이 없습니다
psql:02_iam/02_iam_schema.pgsql:53: 오류:  "iam.roles" 이름의 릴레이션(relation)이 없습니다
psql:02_iam/02_iam_schema.pgsql:68: 오류:  "usr.users" 이름의 릴레이션(relation)이 없습니다
psql:02_iam/02_iam_schema.pgsql:72: 오류:  "iam.user_roles" 이름의 릴레이션(relation)이 없습니다
psql:02_iam/02_iam_schema.pgsql:75: 오류:  "iam.user_roles" 이름의 릴레이션(relation)이 없습니다
psql:02_iam/02_iam_schema.pgsql:76: 오류:  "iam.user_roles" 이름의 릴레이션(relation)이 없습니다
psql:02_iam/02_iam_schema.pgsql:77: 오류:  "iam.user_roles" 이름의 릴레이션(relation)이 없습니다
psql:02_iam/02_iam_schema.pgsql:78: 오류:  "iam.user_roles" 이름의 릴레이션(relation)이 없습니다
psql:02_iam/02_iam_schema.pgsql:79: 오류:  "iam.user_roles" 이름의 릴레이션(relation)이 없습니다
psql:02_iam/02_iam_schema.pgsql:87: 오류:  "iam.roles" 이름의 릴레이션(relation)이 없습니다
LINE 1: INSERT INTO iam.roles (name, code, permissions, is_system) V...
                    ^
CREATE SCHEMA
COMMENT
psql:03_cmm/03_cmm_schema.pgsql:8: 알림:  "pgroonga" 확장 모듈이 이미 있음, 건너뜀
CREATE EXTENSION
CREATE EXTENSION
CREATE FUNCTION
COMMENT
psql:03_cmm/03_cmm_schema.pgsql:47: 오류:  "usr.users" 이름의 릴레이션(relation)이 없습니다
psql:03_cmm/03_cmm_schema.pgsql:52: 오류:  "cmm.system_domains" 이름의 릴레이션(relation)이 없습니다
psql:03_cmm/03_cmm_schema.pgsql:55: 오류:  "cmm.system_domains" 이름의 릴레이션(relation)이 없습니다
psql:03_cmm/03_cmm_schema.pgsql:56: 오류:  "cmm.system_domains" 이름의 릴레이션(relation)이 없습니다
psql:03_cmm/03_cmm_schema.pgsql:57: 오류:  "cmm.system_domains" 이름의 릴레이션(relation)이 없습니다
psql:03_cmm/03_cmm_schema.pgsql:58: 오류:  "cmm.system_domains" 이름의 릴레이션(relation)이 없습니다
psql:03_cmm/03_cmm_schema.pgsql:59: 오류:  "cmm.system_domains" 이름의 릴레이션(relation)이 없습니다
psql:03_cmm/03_cmm_schema.pgsql:60: 오류:  "cmm.system_domains" 이름의 릴레이션(relation)이 없습니다
psql:03_cmm/03_cmm_schema.pgsql:61: 오류:  "cmm.system_domains" 이름의 릴레이션(relation)이 없습니다
psql:03_cmm/03_cmm_schema.pgsql:62: 오류:  "cmm.system_domains" 이름의 릴레이션(relation)이 없습니다
psql:03_cmm/03_cmm_schema.pgsql:63: 오류:  "cmm.system_domains" 이름의 릴레이션(relation)이 없습니다
psql:03_cmm/03_cmm_schema.pgsql:64: 오류:  "cmm.system_domains" 이름의 릴레이션(relation)이 없습니다
psql:03_cmm/03_cmm_schema.pgsql:65: 오류:  "cmm.system_domains" 이름의 릴레이션(relation)이 없습니다
psql:03_cmm/03_cmm_schema.pgsql:66: 오류:  "cmm.system_domains" 이름의 릴레이션(relation)이 없습니다
psql:03_cmm/03_cmm_schema.pgsql:90: 오류:  "cmm.system_domains" 이름의 릴레이션(relation)이 없습니다
psql:03_cmm/03_cmm_schema.pgsql:93: 오류:  "cmm.code_groups" 이름의 릴레이션(relation)이 없습니다
psql:03_cmm/03_cmm_schema.pgsql:98: 오류:  "cmm.code_groups" 이름의 릴레이션(relation)이 없습니다
psql:03_cmm/03_cmm_schema.pgsql:101: 오류:  "cmm.code_groups" 이름의 릴레이션(relation)이 없습니다
psql:03_cmm/03_cmm_schema.pgsql:102: 오류:  "cmm.code_groups" 이름의 릴레이션(relation)이 없습니다
psql:03_cmm/03_cmm_schema.pgsql:103: 오류:  "cmm.code_groups" 이름의 릴레이션(relation)이 없습니다
psql:03_cmm/03_cmm_schema.pgsql:104: 오류:  "cmm.code_groups" 이름의 릴레이션(relation)이 없습니다
psql:03_cmm/03_cmm_schema.pgsql:105: 오류:  "cmm.code_groups" 이름의 릴레이션(relation)이 없습니다
psql:03_cmm/03_cmm_schema.pgsql:106: 오류:  "cmm.code_groups" 이름의 릴레이션(relation)이 없습니다
psql:03_cmm/03_cmm_schema.pgsql:107: 오류:  "cmm.code_groups" 이름의 릴레이션(relation)이 없습니다
psql:03_cmm/03_cmm_schema.pgsql:108: 오류:  "cmm.code_groups" 이름의 릴레이션(relation)이 없습니다
psql:03_cmm/03_cmm_schema.pgsql:109: 오류:  "cmm.code_groups" 이름의 릴레이션(relation)이 없습니다
psql:03_cmm/03_cmm_schema.pgsql:110: 오류:  "cmm.code_groups" 이름의 릴레이션(relation)이 없습니다
psql:03_cmm/03_cmm_schema.pgsql:111: 오류:  "cmm.code_groups" 이름의 릴레이션(relation)이 없습니다
psql:03_cmm/03_cmm_schema.pgsql:112: 오류:  "cmm.code_groups" 이름의 릴레이션(relation)이 없습니다
psql:03_cmm/03_cmm_schema.pgsql:139: 오류:  "cmm.code_groups" 이름의 릴레이션(relation)이 없습니다
psql:03_cmm/03_cmm_schema.pgsql:142: 오류:  "cmm.code_details" 이름의 릴레이션(relation)이 없습니다
psql:03_cmm/03_cmm_schema.pgsql:147: 오류:  "cmm.code_details" 이름의 릴레이션(relation)이 없습니다
psql:03_cmm/03_cmm_schema.pgsql:150: 오류:  "cmm.code_details" 이름의 릴레이션(relation)이 없습니다
psql:03_cmm/03_cmm_schema.pgsql:151: 오류:  "cmm.code_details" 이름의 릴레이션(relation)이 없습니다
psql:03_cmm/03_cmm_schema.pgsql:152: 오류:  "cmm.code_details" 이름의 릴레이션(relation)이 없습니다
psql:03_cmm/03_cmm_schema.pgsql:153: 오류:  "cmm.code_details" 이름의 릴레이션(relation)이 없습니다
psql:03_cmm/03_cmm_schema.pgsql:154: 오류:  "cmm.code_details" 이름의 릴레이션(relation)이 없습니다
psql:03_cmm/03_cmm_schema.pgsql:155: 오류:  "cmm.code_details" 이름의 릴레이션(relation)이 없습니다
psql:03_cmm/03_cmm_schema.pgsql:156: 오류:  "cmm.code_details" 이름의 릴레이션(relation)이 없습니다
psql:03_cmm/03_cmm_schema.pgsql:157: 오류:  "cmm.code_details" 이름의 릴레이션(relation)이 없습니다
psql:03_cmm/03_cmm_schema.pgsql:158: 오류:  "cmm.code_details" 이름의 릴레이션(relation)이 없습니다
psql:03_cmm/03_cmm_schema.pgsql:159: 오류:  "cmm.code_details" 이름의 릴레이션(relation)이 없습니다
psql:03_cmm/03_cmm_schema.pgsql:160: 오류:  "cmm.code_details" 이름의 릴레이션(relation)이 없습니다
psql:03_cmm/03_cmm_schema.pgsql:161: 오류:  "cmm.code_details" 이름의 릴레이션(relation)이 없습니다
psql:03_cmm/03_cmm_schema.pgsql:193: 오류:  "cmm.system_domains" 이름의 릴레이션(relation)이 없습니다
psql:03_cmm/03_cmm_schema.pgsql:196: 오류:  "cmm.attachments" 이름의 릴레이션(relation)이 없습니다
psql:03_cmm/03_cmm_schema.pgsql:198: 오류:  "cmm.attachments" 이름의 릴레이션(relation)이 없습니다
psql:03_cmm/03_cmm_schema.pgsql:203: 오류:  "cmm.attachments" 이름의 릴레이션(relation)이 없습니다
psql:03_cmm/03_cmm_schema.pgsql:206: 오류:  "cmm.attachments" 이름의 릴레이션(relation)이 없습니다
psql:03_cmm/03_cmm_schema.pgsql:207: 오류:  "cmm.attachments" 이름의 릴레이션(relation)이 없습니다
psql:03_cmm/03_cmm_schema.pgsql:208: 오류:  "cmm.attachments" 이름의 릴레이션(relation)이 없습니다
psql:03_cmm/03_cmm_schema.pgsql:209: 오류:  "cmm.attachments" 이름의 릴레이션(relation)이 없습니다
psql:03_cmm/03_cmm_schema.pgsql:210: 오류:  "cmm.attachments" 이름의 릴레이션(relation)이 없습니다
psql:03_cmm/03_cmm_schema.pgsql:211: 오류:  "cmm.attachments" 이름의 릴레이션(relation)이 없습니다
psql:03_cmm/03_cmm_schema.pgsql:212: 오류:  "cmm.attachments" 이름의 릴레이션(relation)이 없습니다
psql:03_cmm/03_cmm_schema.pgsql:213: 오류:  "cmm.attachments" 이름의 릴레이션(relation)이 없습니다
psql:03_cmm/03_cmm_schema.pgsql:214: 오류:  "cmm.attachments" 이름의 릴레이션(relation)이 없습니다
psql:03_cmm/03_cmm_schema.pgsql:215: 오류:  "cmm.attachments" 이름의 릴레이션(relation)이 없습니다
psql:03_cmm/03_cmm_schema.pgsql:216: 오류:  "cmm.attachments" 이름의 릴레이션(relation)이 없습니다
psql:03_cmm/03_cmm_schema.pgsql:217: 오류:  "cmm.attachments" 이름의 릴레이션(relation)이 없습니다
psql:03_cmm/03_cmm_schema.pgsql:218: 오류:  "cmm.attachments" 이름의 릴레이션(relation)이 없습니다
psql:03_cmm/03_cmm_schema.pgsql:219: 오류:  "cmm.attachments" 이름의 릴레이션(relation)이 없습니다
psql:03_cmm/03_cmm_schema.pgsql:220: 오류:  "cmm.attachments" 이름의 릴레이션(relation)이 없습니다
psql:03_cmm/03_cmm_schema.pgsql:221: 오류:  "cmm.attachments" 이름의 릴레이션(relation)이 없습니다
psql:03_cmm/03_cmm_schema.pgsql:222: 오류:  "cmm.attachments" 이름의 릴레이션(relation)이 없습니다
psql:03_cmm/03_cmm_schema.pgsql:247: 오류:  "usr.users" 이름의 릴레이션(relation)이 없습니다
psql:03_cmm/03_cmm_schema.pgsql:250: 오류:  "cmm.audit_logs" 이름의 릴레이션(relation)이 없습니다
psql:03_cmm/03_cmm_schema.pgsql:252: 오류:  "cmm.audit_logs" 이름의 릴레이션(relation)이 없습니다
psql:03_cmm/03_cmm_schema.pgsql:254: 오류:  "cmm.audit_logs" 이름의 릴레이션(relation)이 없습니다
psql:03_cmm/03_cmm_schema.pgsql:256: 오류:  "cmm.audit_logs" 이름의 릴레이션(relation)이 없습니다
psql:03_cmm/03_cmm_schema.pgsql:259: 오류:  "cmm.audit_logs" 이름의 릴레이션(relation)이 없습니다
psql:03_cmm/03_cmm_schema.pgsql:260: 오류:  "cmm.audit_logs" 이름의 릴레이션(relation)이 없습니다
psql:03_cmm/03_cmm_schema.pgsql:261: 오류:  "cmm.audit_logs" 이름의 릴레이션(relation)이 없습니다
psql:03_cmm/03_cmm_schema.pgsql:262: 오류:  "cmm.audit_logs" 이름의 릴레이션(relation)이 없습니다
psql:03_cmm/03_cmm_schema.pgsql:263: 오류:  "cmm.audit_logs" 이름의 릴레이션(relation)이 없습니다
psql:03_cmm/03_cmm_schema.pgsql:264: 오류:  "cmm.audit_logs" 이름의 릴레이션(relation)이 없습니다
psql:03_cmm/03_cmm_schema.pgsql:265: 오류:  "cmm.audit_logs" 이름의 릴레이션(relation)이 없습니다
psql:03_cmm/03_cmm_schema.pgsql:266: 오류:  "cmm.audit_logs" 이름의 릴레이션(relation)이 없습니다
psql:03_cmm/03_cmm_schema.pgsql:267: 오류:  "cmm.audit_logs" 이름의 릴레이션(relation)이 없습니다
psql:03_cmm/03_cmm_schema.pgsql:268: 오류:  "cmm.audit_logs" 이름의 릴레이션(relation)이 없습니다
psql:03_cmm/03_cmm_schema.pgsql:269: 오류:  "cmm.audit_logs" 이름의 릴레이션(relation)이 없습니다
psql:03_cmm/03_cmm_schema.pgsql:270: 오류:  "cmm.audit_logs" 이름의 릴레이션(relation)이 없습니다
psql:03_cmm/03_cmm_schema.pgsql:303: 오류:  "cmm.system_domains" 이름의 릴레이션(relation)이 없습니다
psql:03_cmm/03_cmm_schema.pgsql:308: 오류:  "cmm.notifications" 이름의 릴레이션(relation)이 없습니다
psql:03_cmm/03_cmm_schema.pgsql:313: 오류:  "cmm.notifications" 이름의 릴레이션(relation)이 없습니다
psql:03_cmm/03_cmm_schema.pgsql:316: 오류:  "cmm.notifications" 이름의 릴레이션(relation)이 없습니다
psql:03_cmm/03_cmm_schema.pgsql:317: 오류:  "cmm.notifications" 이름의 릴레이션(relation)이 없습니다
psql:03_cmm/03_cmm_schema.pgsql:318: 오류:  "cmm.notifications" 이름의 릴레이션(relation)이 없습니다
psql:03_cmm/03_cmm_schema.pgsql:319: 오류:  "cmm.notifications" 이름의 릴레이션(relation)이 없습니다
psql:03_cmm/03_cmm_schema.pgsql:320: 오류:  "cmm.notifications" 이름의 릴레이션(relation)이 없습니다
psql:03_cmm/03_cmm_schema.pgsql:321: 오류:  "cmm.notifications" 이름의 릴레이션(relation)이 없습니다
psql:03_cmm/03_cmm_schema.pgsql:322: 오류:  "cmm.notifications" 이름의 릴레이션(relation)이 없습니다
psql:03_cmm/03_cmm_schema.pgsql:323: 오류:  "cmm.notifications" 이름의 릴레이션(relation)이 없습니다
psql:03_cmm/03_cmm_schema.pgsql:324: 오류:  "cmm.notifications" 이름의 릴레이션(relation)이 없습니다
psql:03_cmm/03_cmm_schema.pgsql:325: 오류:  "cmm.notifications" 이름의 릴레이션(relation)이 없습니다
psql:03_cmm/03_cmm_schema.pgsql:326: 오류:  "cmm.notifications" 이름의 릴레이션(relation)이 없습니다
psql:03_cmm/03_cmm_schema.pgsql:327: 오류:  "cmm.notifications" 이름의 릴레이션(relation)이 없습니다
psql:03_cmm/03_cmm_schema.pgsql:328: 오류:  "cmm.notifications" 이름의 릴레이션(relation)이 없습니다
psql:03_cmm/03_cmm_schema.pgsql:329: 오류:  "cmm.notifications" 이름의 릴레이션(relation)이 없습니다
psql:03_cmm/03_cmm_schema.pgsql:330: 오류:  "cmm.notifications" 이름의 릴레이션(relation)이 없습니다
psql:03_cmm/03_cmm_schema.pgsql:331: 오류:  "cmm.notifications" 이름의 릴레이션(relation)이 없습니다
psql:03_cmm/03_cmm_schema.pgsql:363: 오류:  "cmm.system_domains" 이름의 릴레이션(relation)이 없습니다
psql:03_cmm/03_cmm_schema.pgsql:368: 오류:  "cmm.sequence_rules" 이름의 릴레이션(relation)이 없습니다
psql:03_cmm/03_cmm_schema.pgsql:371: 오류:  "cmm.sequence_rules" 이름의 릴레이션(relation)이 없습니다
psql:03_cmm/03_cmm_schema.pgsql:372: 오류:  "cmm.sequence_rules" 이름의 릴레이션(relation)이 없습니다
psql:03_cmm/03_cmm_schema.pgsql:373: 오류:  "cmm.sequence_rules" 이름의 릴레이션(relation)이 없습니다
psql:03_cmm/03_cmm_schema.pgsql:374: 오류:  "cmm.sequence_rules" 이름의 릴레이션(relation)이 없습니다
psql:03_cmm/03_cmm_schema.pgsql:375: 오류:  "cmm.sequence_rules" 이름의 릴레이션(relation)이 없습니다
psql:03_cmm/03_cmm_schema.pgsql:376: 오류:  "cmm.sequence_rules" 이름의 릴레이션(relation)이 없습니다
psql:03_cmm/03_cmm_schema.pgsql:377: 오류:  "cmm.sequence_rules" 이름의 릴레이션(relation)이 없습니다
psql:03_cmm/03_cmm_schema.pgsql:378: 오류:  "cmm.sequence_rules" 이름의 릴레이션(relation)이 없습니다
psql:03_cmm/03_cmm_schema.pgsql:379: 오류:  "cmm.sequence_rules" 이름의 릴레이션(relation)이 없습니다
psql:03_cmm/03_cmm_schema.pgsql:380: 오류:  "cmm.sequence_rules" 이름의 릴레이션(relation)이 없습니다
psql:03_cmm/03_cmm_schema.pgsql:381: 오류:  "cmm.sequence_rules" 이름의 릴레이션(relation)이 없습니다
psql:03_cmm/03_cmm_schema.pgsql:382: 오류:  "cmm.sequence_rules" 이름의 릴레이션(relation)이 없습니다
psql:03_cmm/03_cmm_schema.pgsql:383: 오류:  "cmm.sequence_rules" 이름의 릴레이션(relation)이 없습니다
psql:03_cmm/03_cmm_schema.pgsql:384: 오류:  "cmm.sequence_rules" 이름의 릴레이션(relation)이 없습니다
psql:03_cmm/03_cmm_schema.pgsql:385: 오류:  "cmm.sequence_rules" 이름의 릴레이션(relation)이 없습니다
CREATE FUNCTION
COMMENT
psql:03_cmm/03_cmm_schema.pgsql:465: 오류:  "cmm.code_groups" 이름의 릴레이션(relation)이 없습니다
LINE 11: FROM cmm.code_groups g 
              ^
psql:03_cmm/03_cmm_schema.pgsql:468: 오류:  "cmm.v_code_lookup" 이름의 릴레이션(relation)이 없습니다
psql:03_cmm/03_cmm_schema.pgsql:469: 오류:  "cmm.v_code_lookup" 이름의 릴레이션(relation)이 없습니다
psql:03_cmm/03_cmm_schema.pgsql:470: 오류:  "cmm.v_code_lookup" 이름의 릴레이션(relation)이 없습니다
psql:03_cmm/03_cmm_schema.pgsql:471: 오류:  "cmm.v_code_lookup" 이름의 릴레이션(relation)이 없습니다
psql:03_cmm/03_cmm_schema.pgsql:472: 오류:  "cmm.v_code_lookup" 이름의 릴레이션(relation)이 없습니다
psql:03_cmm/03_cmm_schema.pgsql:473: 오류:  "cmm.v_code_lookup" 이름의 릴레이션(relation)이 없습니다
psql:03_cmm/03_cmm_schema.pgsql:474: 오류:  "cmm.v_code_lookup" 이름의 릴레이션(relation)이 없습니다
psql:03_cmm/03_cmm_schema.pgsql:475: 오류:  "cmm.v_code_lookup" 이름의 릴레이션(relation)이 없습니다
psql:03_cmm/03_cmm_schema.pgsql:476: 오류:  "cmm.v_code_lookup" 이름의 릴레이션(relation)이 없습니다
psql:03_cmm/03_cmm_seed.pgsql:14: 오류:  "cmm.system_domains" 이름의 릴레이션(relation)이 없습니다
LINE 1: INSERT INTO cmm.system_domains (domain_code, domain_name, sc...
                    ^
psql:03_cmm/03_cmm_seed.pgsql:21: 오류:  "cmm.code_groups" 이름의 릴레이션(relation)이 없습니다
LINE 1: INSERT INTO cmm.code_groups (group_code, group_name, descrip...
                    ^
psql:03_cmm/03_cmm_seed.pgsql:38: 오류:  "cmm.code_details" 이름의 릴레이션(relation)이 없습니다
LINE 1: INSERT INTO cmm.code_details (group_code, detail_code, detai...
                    ^
psql:03_cmm/03_cmm_seed.pgsql:45: 오류:  "cmm.sequence_rules" 이름의 릴레이션(relation)이 없습니다
LINE 1: INSERT INTO cmm.sequence_rules (domain_code, prefix, current...
                    ^
psql:deploy.pgsql:15: error: 04_fac/04_fac_schema.sql: No such file or directory
               status                
-------------------------------------
 SFMS Database Deployment Completed!
(1 row)

