DROP SCHEMA
DROP SCHEMA
DROP SCHEMA
DROP SCHEMA
DROP SCHEMA
CREATE EXTENSION
CREATE EXTENSION
CREATE SCHEMA
CREATE SCHEMA
CREATE SCHEMA
CREATE SCHEMA
CREATE SCHEMA
COMMENT
COMMENT
COMMENT
COMMENT
COMMENT
CREATE FUNCTION
CREATE TABLE
COMMENT
COMMENT
COMMENT
COMMENT
COMMENT
COMMENT
COMMENT
COMMENT
COMMENT
COMMENT
COMMENT
COMMENT
COMMENT
COMMENT
COMMENT
CREATE TABLE
COMMENT
COMMENT
COMMENT
COMMENT
COMMENT
COMMENT
COMMENT
COMMENT
COMMENT
COMMENT
COMMENT
COMMENT
CREATE TABLE
COMMENT
COMMENT
COMMENT
COMMENT
COMMENT
COMMENT
COMMENT
COMMENT
COMMENT
COMMENT
COMMENT
COMMENT
COMMENT
COMMENT
CREATE TABLE
COMMENT
COMMENT
COMMENT
COMMENT
COMMENT
COMMENT
COMMENT
COMMENT
COMMENT
COMMENT
COMMENT
COMMENT
CREATE TRIGGER
CREATE TRIGGER
CREATE TRIGGER
CREATE TRIGGER
CREATE TABLE
CREATE TABLE
CREATE INDEX
CREATE INDEX
CREATE TRIGGER
CREATE TRIGGER
CREATE TABLE
CREATE TABLE
CREATE TABLE
CREATE TRIGGER
CREATE TRIGGER
CREATE TABLE
CREATE TABLE
CREATE TABLE
CREATE TABLE
CREATE TRIGGER
CREATE TABLE
CREATE TABLE
CREATE VIEW
CREATE VIEW
CREATE VIEW
CREATE TRIGGER
CREATE TRIGGER
INSERT 0 1
INSERT 0 1
INSERT 0 2
INSERT 0 1
 setval 
--------
      1
(1 row)

 setval 
--------
      1
(1 row)

 setval 
--------
      3
(1 row)

INSERT 0 5
INSERT 0 29
ALTER TABLE
ALTER TABLE
ALTER TABLE
ALTER TABLE
ALTER TABLE
ALTER TABLE
ALTER TABLE
INSERT 0 12
INSERT 0 7
INSERT 0 7
              status               
-----------------------------------
 DEPLOYMENT COMPLETED SUCCESSFULLY
(1 row)

